This file contains any messages produced by compilers while
running configure, to aid debugging if configure makes a mistake.

It was created by libmx configure 1.1, which was
generated by GNU Autoconf 2.69.  Invocation command line was

  $ ./configure --prefix=/opt/local --enable-tests

## --------- ##
## Platform. ##
## --------- ##

hostname = LostSideDead
uname -m = x86_64
uname -r = 15.5.0
uname -s = Darwin
uname -v = Darwin Kernel Version 15.5.0: Tue Apr 19 18:36:36 PDT 2016; root:xnu-3248.50.21~8/RELEASE_X86_64

/usr/bin/uname -p = i386
/bin/uname -X     = unknown

/bin/arch              = unknown
/usr/bin/arch -k       = unknown
/usr/convex/getsysinfo = unknown
/usr/bin/hostinfo      = Mach kernel version:
	 Darwin Kernel Version 15.5.0: Tue Apr 19 18:36:36 PDT 2016; root:xnu-3248.50.21~8/RELEASE_X86_64
Kernel configured for up to 8 processors.
4 processors are physically available.
8 processors are logically available.
Processor type: i486 (Intel 80486)
Processors active: 0 1 2 3 4 5 6 7
Primary memory available: 10.00 gigabytes
Default processor set: 285 tasks, 1234 threads, 8 processors
Load average: 1.77, Mach factor: 6.21
/bin/machine           = unknown
/usr/bin/oslevel       = unknown
/bin/universe          = unknown

PATH: /Volumes/LostSideDrive-2/Android/android-ndk-r10e
PATH: /Volumes/LostSideDrive-2/Android/android-ndk-r10e/prebuilt/darwin-x86_64/bin
PATH: /Volumes/LostSideDrive-2/Android/android-sdk-macosx/platform-tools
PATH: /Volumes/LostSideDrive-2/Android/android-sdk-macosx/tools
PATH: /opt/local/bin
PATH: /opt/local/sbin
PATH: /opt/local/bin
PATH: /opt/local/sbin
PATH: /opt/local/bin
PATH: /opt/local/sbin
PATH: /Users/jared/mingw-w64/bin
PATH: /Volumes/LostDrive-6//Users/jared/New.Mingw32/bin
PATH: /usr/local/bin
PATH: /usr/bin
PATH: /bin
PATH: /usr/sbin
PATH: /sbin
PATH: /opt/X11/bin
PATH: /Users/jared/Downloads/adt-bundle-mac-x86_64-20140321/sdk/platform-tools


## ----------- ##
## Core tests. ##
## ----------- ##

configure:2324: checking for a BSD-compatible install
configure:2392: result: /usr/bin/install -c
configure:2403: checking whether build environment is sane
configure:2458: result: yes
configure:2609: checking for a thread-safe mkdir -p
configure:2648: result: ./install-sh -c -d
configure:2655: checking for gawk
configure:2685: result: no
configure:2655: checking for mawk
configure:2685: result: no
configure:2655: checking for nawk
configure:2685: result: no
configure:2655: checking for awk
configure:2671: found /Volumes/LostSideDrive-2/Android/android-ndk-r10e/prebuilt/darwin-x86_64/bin/awk
configure:2682: result: awk
configure:2693: checking whether make sets $(MAKE)
configure:2715: result: yes
configure:2744: checking whether make supports nested variables
configure:2761: result: yes
configure:2899: checking for style of include used by make
configure:2927: result: GNU
configure:2998: checking for gcc
configure:3014: found /usr/bin/gcc
configure:3025: result: gcc
configure:3254: checking for C compiler version
configure:3263: gcc --version >&5
Apple LLVM version 7.3.0 (clang-703.0.31)
Target: x86_64-apple-darwin15.5.0
Thread model: posix
InstalledDir: /Applications/Xcode.app/Contents/Developer/Toolchains/XcodeDefault.xctoolchain/usr/bin
Configured with: --prefix=/Applications/Xcode.app/Contents/Developer/usr --with-gxx-include-dir=/Applications/Xcode.app/Contents/Developer/Platforms/MacOSX.platform/Developer/SDKs/MacOSX10.11.sdk/usr/include/c++/4.2.1
configure:3274: $? = 0
configure:3263: gcc -v >&5
Configured with: --prefix=/Applications/Xcode.app/Contents/Developer/usr --with-gxx-include-dir=/Applications/Xcode.app/Contents/Developer/Platforms/MacOSX.platform/Developer/SDKs/MacOSX10.11.sdk/usr/include/c++/4.2.1
Apple LLVM version 7.3.0 (clang-703.0.31)
Target: x86_64-apple-darwin15.5.0
Thread model: posix
InstalledDir: /Applications/Xcode.app/Contents/Developer/Toolchains/XcodeDefault.xctoolchain/usr/bin
configure:3274: $? = 0
configure:3263: gcc -V >&5
clang: error: argument to '-V' is missing (expected 1 value)
clang: error: no input files
configure:3274: $? = 1
configure:3263: gcc -qversion >&5
clang: error: unknown argument: '-qversion'
clang: error: no input files
configure:3274: $? = 1
configure:3294: checking whether the C compiler works
configure:3316: gcc    conftest.c  >&5
configure:3320: $? = 0
configure:3368: result: yes
configure:3371: checking for C compiler default output file name
configure:3373: result: a.out
configure:3379: checking for suffix of executables
configure:3386: gcc -o conftest    conftest.c  >&5
configure:3390: $? = 0
configure:3412: result: 
configure:3434: checking whether we are cross compiling
configure:3442: gcc -o conftest    conftest.c  >&5
configure:3446: $? = 0
configure:3453: ./conftest
configure:3457: $? = 0
configure:3472: result: no
configure:3477: checking for suffix of object files
configure:3499: gcc -c   conftest.c >&5
configure:3503: $? = 0
configure:3524: result: o
configure:3528: checking whether we are using the GNU C compiler
configure:3547: gcc -c   conftest.c >&5
configure:3547: $? = 0
configure:3556: result: yes
configure:3565: checking whether gcc accepts -g
configure:3585: gcc -c -g  conftest.c >&5
configure:3585: $? = 0
configure:3626: result: yes
configure:3643: checking for gcc option to accept ISO C89
configure:3706: gcc  -c -g -O2  conftest.c >&5
configure:3706: $? = 0
configure:3719: result: none needed
configure:3744: checking whether gcc understands -c and -o together
configure:3766: gcc -c conftest.c -o conftest2.o
configure:3769: $? = 0
configure:3766: gcc -c conftest.c -o conftest2.o
configure:3769: $? = 0
configure:3781: result: yes
configure:3800: checking dependency style of gcc
configure:3911: result: gcc3
configure:3935: checking dependency style of gcc
configure:4044: result: gcc3
configure:4123: checking for g++
configure:4139: found /usr/bin/g++
configure:4150: result: g++
configure:4177: checking for C++ compiler version
configure:4186: g++ --version >&5
Apple LLVM version 7.3.0 (clang-703.0.31)
Target: x86_64-apple-darwin15.5.0
Thread model: posix
InstalledDir: /Applications/Xcode.app/Contents/Developer/Toolchains/XcodeDefault.xctoolchain/usr/bin
Configured with: --prefix=/Applications/Xcode.app/Contents/Developer/usr --with-gxx-include-dir=/Applications/Xcode.app/Contents/Developer/Platforms/MacOSX.platform/Developer/SDKs/MacOSX10.11.sdk/usr/include/c++/4.2.1
configure:4197: $? = 0
configure:4186: g++ -v >&5
Configured with: --prefix=/Applications/Xcode.app/Contents/Developer/usr --with-gxx-include-dir=/Applications/Xcode.app/Contents/Developer/Platforms/MacOSX.platform/Developer/SDKs/MacOSX10.11.sdk/usr/include/c++/4.2.1
Apple LLVM version 7.3.0 (clang-703.0.31)
Target: x86_64-apple-darwin15.5.0
Thread model: posix
InstalledDir: /Applications/Xcode.app/Contents/Developer/Toolchains/XcodeDefault.xctoolchain/usr/bin
configure:4197: $? = 0
configure:4186: g++ -V >&5
clang: error: argument to '-V' is missing (expected 1 value)
clang: error: no input files
configure:4197: $? = 1
configure:4186: g++ -qversion >&5
clang: error: unknown argument: '-qversion'
clang: error: no input files
configure:4197: $? = 1
configure:4201: checking whether we are using the GNU C++ compiler
configure:4220: g++ -c   conftest.cpp >&5
configure:4220: $? = 0
configure:4229: result: yes
configure:4238: checking whether g++ accepts -g
configure:4258: g++ -c -g  conftest.cpp >&5
configure:4258: $? = 0
configure:4299: result: yes
configure:4324: checking dependency style of g++
configure:4435: result: gcc3
configure:4479: checking build system type
configure:4493: result: x86_64-apple-darwin15.5.0
configure:4513: checking host system type
configure:4526: result: x86_64-apple-darwin15.5.0
configure:4567: checking how to print strings
configure:4594: result: printf
configure:4615: checking for a sed that does not truncate output
configure:4679: result: /Volumes/LostSideDrive-2/Android/android-ndk-r10e/prebuilt/darwin-x86_64/bin/sed
configure:4697: checking for grep that handles long lines and -e
configure:4755: result: /usr/bin/grep
configure:4760: checking for egrep
configure:4822: result: /usr/bin/grep -E
configure:4827: checking for fgrep
configure:4889: result: /usr/bin/grep -F
configure:4924: checking for ld used by gcc
configure:4991: result: /Applications/Xcode.app/Contents/Developer/Toolchains/XcodeDefault.xctoolchain/usr/bin/ld
configure:4998: checking if the linker (/Applications/Xcode.app/Contents/Developer/Toolchains/XcodeDefault.xctoolchain/usr/bin/ld) is GNU ld
configure:5013: result: no
configure:5025: checking for BSD- or MS-compatible name lister (nm)
configure:5074: result: /usr/bin/nm -B
configure:5204: checking the name lister (/usr/bin/nm -B) interface
configure:5211: g++ -c -g -O2  conftest.cpp >&5
configure:5214: /usr/bin/nm -B "conftest.o"
configure:5217: output
00000000000001f4 S _some_variable
configure:5224: result: BSD nm
configure:5227: checking whether ln -s works
configure:5231: result: yes
configure:5239: checking the maximum length of command line arguments
configure:5369: result: 196608
configure:5386: checking whether the shell understands some XSI constructs
configure:5396: result: yes
configure:5400: checking whether the shell understands "+="
configure:5406: result: yes
configure:5441: checking how to convert x86_64-apple-darwin15.5.0 file names to x86_64-apple-darwin15.5.0 format
configure:5481: result: func_convert_file_noop
configure:5488: checking how to convert x86_64-apple-darwin15.5.0 file names to toolchain format
configure:5508: result: func_convert_file_noop
configure:5515: checking for /Applications/Xcode.app/Contents/Developer/Toolchains/XcodeDefault.xctoolchain/usr/bin/ld option to reload object files
configure:5522: result: -r
configure:5596: checking for objdump
configure:5626: result: no
configure:5655: checking how to recognize dependent libraries
configure:5857: result: pass_all
configure:5942: checking for dlltool
configure:5972: result: no
configure:6002: checking how to associate runtime and link libraries
configure:6029: result: printf %s\n
configure:6090: checking for ar
configure:6106: found /opt/local/bin/ar
configure:6117: result: ar
configure:6154: checking for archiver @FILE support
configure:6171: g++ -c -g -O2  conftest.cpp >&5
configure:6171: $? = 0
configure:6174: ar cru libconftest.a @conftest.lst >&5
ar: @conftest.lst: No such file or directory
configure:6177: $? = 1
configure:6197: result: no
configure:6255: checking for strip
configure:6271: found /opt/local/bin/strip
configure:6282: result: strip
configure:6354: checking for ranlib
configure:6370: found /opt/local/bin/ranlib
configure:6381: result: ranlib
configure:6483: checking command to parse /usr/bin/nm -B output from gcc object
configure:6603: g++ -c -g -O2  conftest.cpp >&5
configure:6606: $? = 0
configure:6610: /usr/bin/nm -B conftest.o \| sed -n -e 's/^.*[ ]\([BCDEGRST][BCDEGRST]*\)[ ][ ]*\([_A-Za-z][_A-Za-z0-9]*\)$/\1 \2 \2/p' | sed '/ __gnu_lto/d' \> conftest.nm
configure:6613: $? = 0
cannot find nm_test_var in conftest.nm
configure:6603: g++ -c -g -O2  conftest.cpp >&5
configure:6606: $? = 0
configure:6610: /usr/bin/nm -B conftest.o \| sed -n -e 's/^.*[ ]\([BCDEGRST][BCDEGRST]*\)[ ][ ]*_\([_A-Za-z][_A-Za-z0-9]*\)$/\1 _\2 \2/p' | sed '/ __gnu_lto/d' \> conftest.nm
configure:6613: $? = 0
configure:6679: g++ -o conftest -g -O2   conftest.cpp conftstm.o >&5
configure:6682: $? = 0
configure:6720: result: ok
configure:6757: checking for sysroot
configure:6787: result: no
configure:7044: checking for mt
configure:7074: result: no
configure:7094: checking if : is a manifest tool
configure:7100: : '-?'
configure:7108: result: no
configure:7164: checking for dsymutil
configure:7180: found /usr/bin/dsymutil
configure:7191: result: dsymutil
configure:7256: checking for nmedit
configure:7272: found /opt/local/bin/nmedit
configure:7283: result: nmedit
configure:7348: checking for lipo
configure:7364: found /opt/local/bin/lipo
configure:7375: result: lipo
configure:7440: checking for otool
configure:7456: found /opt/local/bin/otool
configure:7467: result: otool
configure:7532: checking for otool64
configure:7562: result: no
configure:7607: checking for -single_module linker flag
gcc -g -O2  -o libconftest.dylib -dynamiclib -Wl,-single_module conftest.c
configure:7640: result: yes
configure:7643: checking for -exported_symbols_list linker flag
configure:7663: g++ -o conftest -g -O2   -Wl,-exported_symbols_list,conftest.sym conftest.cpp  >&5
configure:7663: $? = 0
configure:7673: result: yes
configure:7676: checking for -force_load linker flag
gcc -g -O2 -c -o conftest.o conftest.c
ar cru libconftest.a conftest.o
ranlib libconftest.a
gcc -g -O2  -o conftest conftest.c -Wl,-force_load,./libconftest.a
configure:7708: result: yes
configure:7750: checking how to run the C preprocessor
configure:7781: gcc -E  conftest.c
configure:7781: $? = 0
configure:7795: gcc -E  conftest.c
conftest.c:11:10: fatal error: 'ac_nonexistent.h' file not found
#include <ac_nonexistent.h>
         ^
1 error generated.
configure:7795: $? = 1
configure: failed program was:
| /* confdefs.h */
| #define PACKAGE_NAME "libmx"
| #define PACKAGE_TARNAME "libmx"
| #define PACKAGE_VERSION "1.1"
| #define PACKAGE_STRING "libmx 1.1"
| #define PACKAGE_BUGREPORT "jared@lostsidedead.biz"
| #define PACKAGE_URL ""
| #define PACKAGE "libmx"
| #define VERSION "1.1"
| /* end confdefs.h.  */
| #include <ac_nonexistent.h>
configure:7820: result: gcc -E
configure:7840: gcc -E  conftest.c
configure:7840: $? = 0
configure:7854: gcc -E  conftest.c
conftest.c:11:10: fatal error: 'ac_nonexistent.h' file not found
#include <ac_nonexistent.h>
         ^
1 error generated.
configure:7854: $? = 1
configure: failed program was:
| /* confdefs.h */
| #define PACKAGE_NAME "libmx"
| #define PACKAGE_TARNAME "libmx"
| #define PACKAGE_VERSION "1.1"
| #define PACKAGE_STRING "libmx 1.1"
| #define PACKAGE_BUGREPORT "jared@lostsidedead.biz"
| #define PACKAGE_URL ""
| #define PACKAGE "libmx"
| #define VERSION "1.1"
| /* end confdefs.h.  */
| #include <ac_nonexistent.h>
configure:7883: checking for ANSI C header files
configure:7903: gcc -c -g -O2  conftest.c >&5
configure:7903: $? = 0
configure:7976: gcc -o conftest -g -O2   conftest.c  >&5
configure:7976: $? = 0
configure:7976: ./conftest
configure:7976: $? = 0
configure:7987: result: yes
configure:8000: checking for sys/types.h
configure:8000: gcc -c -g -O2  conftest.c >&5
configure:8000: $? = 0
configure:8000: result: yes
configure:8000: checking for sys/stat.h
configure:8000: gcc -c -g -O2  conftest.c >&5
configure:8000: $? = 0
configure:8000: result: yes
configure:8000: checking for stdlib.h
configure:8000: gcc -c -g -O2  conftest.c >&5
configure:8000: $? = 0
configure:8000: result: yes
configure:8000: checking for string.h
configure:8000: gcc -c -g -O2  conftest.c >&5
configure:8000: $? = 0
configure:8000: result: yes
configure:8000: checking for memory.h
configure:8000: gcc -c -g -O2  conftest.c >&5
configure:8000: $? = 0
configure:8000: result: yes
configure:8000: checking for strings.h
configure:8000: gcc -c -g -O2  conftest.c >&5
configure:8000: $? = 0
configure:8000: result: yes
configure:8000: checking for inttypes.h
configure:8000: gcc -c -g -O2  conftest.c >&5
configure:8000: $? = 0
configure:8000: result: yes
configure:8000: checking for stdint.h
configure:8000: gcc -c -g -O2  conftest.c >&5
configure:8000: $? = 0
configure:8000: result: yes
configure:8000: checking for unistd.h
configure:8000: gcc -c -g -O2  conftest.c >&5
configure:8000: $? = 0
configure:8000: result: yes
configure:8014: checking for dlfcn.h
configure:8014: gcc -c -g -O2  conftest.c >&5
configure:8014: $? = 0
configure:8014: result: yes
configure:8230: checking for objdir
configure:8245: result: .libs
configure:8512: checking if gcc supports -fno-rtti -fno-exceptions
configure:8530: gcc -c -g -O2  -fno-rtti -fno-exceptions conftest.c >&5
configure:8534: $? = 0
configure:8547: result: yes
configure:8874: checking for gcc option to produce PIC
configure:8881: result: -fno-common -DPIC
configure:8889: checking if gcc PIC flag -fno-common -DPIC works
configure:8907: gcc -c -g -O2  -fno-common -DPIC -DPIC conftest.c >&5
configure:8911: $? = 0
configure:8924: result: yes
configure:8953: checking if gcc static flag -static works
configure:8981: result: no
configure:8996: checking if gcc supports -c -o file.o
configure:9017: gcc -c -g -O2  -o out/conftest2.o conftest.c >&5
configure:9021: $? = 0
configure:9043: result: yes
configure:9051: checking if gcc supports -c -o file.o
configure:9098: result: yes
configure:9131: checking whether the gcc linker (/Applications/Xcode.app/Contents/Developer/Toolchains/XcodeDefault.xctoolchain/usr/bin/ld) supports shared libraries
configure:10284: result: yes
configure:10524: checking dynamic linker characteristics
configure:11257: result: darwin15.5.0 dyld
configure:11364: checking how to hardcode library paths into programs
configure:11389: result: immediate
configure:11929: checking whether stripping libraries is possible
configure:11943: result: yes
configure:11969: checking if libtool supports shared libraries
configure:11971: result: yes
configure:11974: checking whether to build shared libraries
configure:11995: result: yes
configure:11998: checking whether to build static libraries
configure:12002: result: yes
configure:12025: checking how to run the C++ preprocessor
configure:12052: g++ -E  conftest.cpp
configure:12052: $? = 0
configure:12066: g++ -E  conftest.cpp
conftest.cpp:23:10: fatal error: 'ac_nonexistent.h' file not found
#include <ac_nonexistent.h>
         ^
1 error generated.
configure:12066: $? = 1
configure: failed program was:
| /* confdefs.h */
| #define PACKAGE_NAME "libmx"
| #define PACKAGE_TARNAME "libmx"
| #define PACKAGE_VERSION "1.1"
| #define PACKAGE_STRING "libmx 1.1"
| #define PACKAGE_BUGREPORT "jared@lostsidedead.biz"
| #define PACKAGE_URL ""
| #define PACKAGE "libmx"
| #define VERSION "1.1"
| #define STDC_HEADERS 1
| #define HAVE_SYS_TYPES_H 1
| #define HAVE_SYS_STAT_H 1
| #define HAVE_STDLIB_H 1
| #define HAVE_STRING_H 1
| #define HAVE_MEMORY_H 1
| #define HAVE_STRINGS_H 1
| #define HAVE_INTTYPES_H 1
| #define HAVE_STDINT_H 1
| #define HAVE_UNISTD_H 1
| #define HAVE_DLFCN_H 1
| #define LT_OBJDIR ".libs/"
| /* end confdefs.h.  */
| #include <ac_nonexistent.h>
configure:12091: result: g++ -E
configure:12111: g++ -E  conftest.cpp
configure:12111: $? = 0
configure:12125: g++ -E  conftest.cpp
conftest.cpp:23:10: fatal error: 'ac_nonexistent.h' file not found
#include <ac_nonexistent.h>
         ^
1 error generated.
configure:12125: $? = 1
configure: failed program was:
| /* confdefs.h */
| #define PACKAGE_NAME "libmx"
| #define PACKAGE_TARNAME "libmx"
| #define PACKAGE_VERSION "1.1"
| #define PACKAGE_STRING "libmx 1.1"
| #define PACKAGE_BUGREPORT "jared@lostsidedead.biz"
| #define PACKAGE_URL ""
| #define PACKAGE "libmx"
| #define VERSION "1.1"
| #define STDC_HEADERS 1
| #define HAVE_SYS_TYPES_H 1
| #define HAVE_SYS_STAT_H 1
| #define HAVE_STDLIB_H 1
| #define HAVE_STRING_H 1
| #define HAVE_MEMORY_H 1
| #define HAVE_STRINGS_H 1
| #define HAVE_INTTYPES_H 1
| #define HAVE_STDINT_H 1
| #define HAVE_UNISTD_H 1
| #define HAVE_DLFCN_H 1
| #define LT_OBJDIR ".libs/"
| /* end confdefs.h.  */
| #include <ac_nonexistent.h>
configure:12294: checking for ld used by g++
configure:12361: result: /Applications/Xcode.app/Contents/Developer/Toolchains/XcodeDefault.xctoolchain/usr/bin/ld
configure:12368: checking if the linker (/Applications/Xcode.app/Contents/Developer/Toolchains/XcodeDefault.xctoolchain/usr/bin/ld) is GNU ld
configure:12383: result: no
configure:12438: checking whether the g++ linker (/Applications/Xcode.app/Contents/Developer/Toolchains/XcodeDefault.xctoolchain/usr/bin/ld) supports shared libraries
configure:13443: result: yes
configure:13479: g++ -c -g -O2  conftest.cpp >&5
configure:13482: $? = 0
configure:14002: checking for g++ option to produce PIC
configure:14009: result: -fno-common -DPIC
configure:14017: checking if g++ PIC flag -fno-common -DPIC works
configure:14035: g++ -c -g -O2  -fno-common -DPIC -DPIC conftest.cpp >&5
configure:14039: $? = 0
configure:14052: result: yes
configure:14075: checking if g++ static flag -static works
configure:14103: result: no
configure:14115: checking if g++ supports -c -o file.o
configure:14136: g++ -c -g -O2  -o out/conftest2.o conftest.cpp >&5
configure:14140: $? = 0
configure:14162: result: yes
configure:14167: checking if g++ supports -c -o file.o
configure:14214: result: yes
configure:14244: checking whether the g++ linker (/Applications/Xcode.app/Contents/Developer/Toolchains/XcodeDefault.xctoolchain/usr/bin/ld) supports shared libraries
configure:14280: result: yes
configure:14421: checking dynamic linker characteristics
configure:15088: result: darwin15.5.0 dyld
configure:15141: checking how to hardcode library paths into programs
configure:15166: result: immediate
configure:15227: checking whether ln -s works
configure:15231: result: yes
configure:15238: checking whether make sets $(MAKE)
configure:15260: result: yes
configure:15280: checking for sdl-config
configure:15334: result: /opt/local/bin/sdl-config
configure:15638: checking that generated files are newer than configure
configure:15644: result: done
configure:15675: creating ./config.status

## ---------------------- ##
## Running config.status. ##
## ---------------------- ##

This file was extended by libmx config.status 1.1, which was
generated by GNU Autoconf 2.69.  Invocation command line was

  CONFIG_FILES    = 
  CONFIG_HEADERS  = 
  CONFIG_LINKS    = 
  CONFIG_COMMANDS = 
  $ ./config.status 

on LostSideDead

config.status:1171: creating Makefile
config.status:1171: creating mx/Makefile
config.status:1171: creating mx.pc
config.status:1171: creating mxmp/Makefile
config.status:1171: creating mathtest/Makefile
config.status:1171: creating socket_test/Makefile
config.status:1171: creating mxwnd_test/Makefile
config.status:1171: creating OpenGL_examples/Makefile
config.status:1171: creating config.h
config.status:1352: config.h is unchanged
config.status:1400: executing depfiles commands
config.status:1400: executing libtool commands

## ---------------- ##
## Cache variables. ##
## ---------------- ##

ac_cv_build=x86_64-apple-darwin15.5.0
ac_cv_c_compiler_gnu=yes
ac_cv_cxx_compiler_gnu=yes
ac_cv_env_CCASFLAGS_set=
ac_cv_env_CCASFLAGS_value=
ac_cv_env_CCAS_set=
ac_cv_env_CCAS_value=
ac_cv_env_CCC_set=
ac_cv_env_CCC_value=
ac_cv_env_CC_set=
ac_cv_env_CC_value=
ac_cv_env_CFLAGS_set=
ac_cv_env_CFLAGS_value=
ac_cv_env_CPPFLAGS_set=
ac_cv_env_CPPFLAGS_value=
ac_cv_env_CPP_set=
ac_cv_env_CPP_value=
ac_cv_env_CXXCPP_set=
ac_cv_env_CXXCPP_value=
ac_cv_env_CXXFLAGS_set=
ac_cv_env_CXXFLAGS_value=
ac_cv_env_CXX_set=
ac_cv_env_CXX_value=
ac_cv_env_LDFLAGS_set=
ac_cv_env_LDFLAGS_value=
ac_cv_env_LIBS_set=
ac_cv_env_LIBS_value=
ac_cv_env_build_alias_set=
ac_cv_env_build_alias_value=
ac_cv_env_host_alias_set=
ac_cv_env_host_alias_value=
ac_cv_env_target_alias_set=
ac_cv_env_target_alias_value=
ac_cv_header_dlfcn_h=yes
ac_cv_header_inttypes_h=yes
ac_cv_header_memory_h=yes
ac_cv_header_stdc=yes
ac_cv_header_stdint_h=yes
ac_cv_header_stdlib_h=yes
ac_cv_header_string_h=yes
ac_cv_header_strings_h=yes
ac_cv_header_sys_stat_h=yes
ac_cv_header_sys_types_h=yes
ac_cv_header_unistd_h=yes
ac_cv_host=x86_64-apple-darwin15.5.0
ac_cv_objext=o
ac_cv_path_EGREP='/usr/bin/grep -E'
ac_cv_path_FGREP='/usr/bin/grep -F'
ac_cv_path_GREP=/usr/bin/grep
ac_cv_path_SED=/Volumes/LostSideDrive-2/Android/android-ndk-r10e/prebuilt/darwin-x86_64/bin/sed
ac_cv_path_install='/usr/bin/install -c'
ac_cv_prog_AWK=awk
ac_cv_prog_CPP='gcc -E'
ac_cv_prog_CXXCPP='g++ -E'
ac_cv_prog_ac_ct_AR=ar
ac_cv_prog_ac_ct_CC=gcc
ac_cv_prog_ac_ct_CXX=g++
ac_cv_prog_ac_ct_DSYMUTIL=dsymutil
ac_cv_prog_ac_ct_LIPO=lipo
ac_cv_prog_ac_ct_NMEDIT=nmedit
ac_cv_prog_ac_ct_OTOOL=otool
ac_cv_prog_ac_ct_RANLIB=ranlib
ac_cv_prog_ac_ct_STRIP=strip
ac_cv_prog_cc_c89=
ac_cv_prog_cc_g=yes
ac_cv_prog_cxx_g=yes
ac_cv_prog_make_make_set=yes
am_cv_CCAS_dependencies_compiler_type=gcc3
am_cv_CC_dependencies_compiler_type=gcc3
am_cv_CXX_dependencies_compiler_type=gcc3
am_cv_make_support_nested_variables=yes
am_cv_prog_cc_c_o=yes
kde_cv_path=/opt/local/bin/sdl-config
kde_cv_path_sdl_config=/opt/local/bin/sdl-config
lt_cv_apple_cc_single_mod=yes
lt_cv_ar_at_file=no
lt_cv_deplibs_check_method=pass_all
lt_cv_file_magic_cmd='$MAGIC_CMD'
lt_cv_file_magic_test_file=
lt_cv_ld_exported_symbols_list=yes
lt_cv_ld_force_load=yes
lt_cv_ld_reload_flag=-r
lt_cv_nm_interface='BSD nm'
lt_cv_objdir=.libs
lt_cv_path_LD=/Applications/Xcode.app/Contents/Developer/Toolchains/XcodeDefault.xctoolchain/usr/bin/ld
lt_cv_path_LDCXX=/Applications/Xcode.app/Contents/Developer/Toolchains/XcodeDefault.xctoolchain/usr/bin/ld
lt_cv_path_NM='/usr/bin/nm -B'
lt_cv_path_mainfest_tool=no
lt_cv_prog_compiler_c_o=yes
lt_cv_prog_compiler_c_o_CXX=yes
lt_cv_prog_compiler_pic='-fno-common -DPIC'
lt_cv_prog_compiler_pic_CXX='-fno-common -DPIC'
lt_cv_prog_compiler_pic_works=yes
lt_cv_prog_compiler_pic_works_CXX=yes
lt_cv_prog_compiler_rtti_exceptions=yes
lt_cv_prog_compiler_static_works=no
lt_cv_prog_compiler_static_works_CXX=no
lt_cv_prog_gnu_ld=no
lt_cv_prog_gnu_ldcxx=no
lt_cv_sharedlib_from_linklib_cmd='printf %s\n'
lt_cv_sys_global_symbol_pipe='sed -n -e '\''s/^.*[	 ]\([BCDEGRST][BCDEGRST]*\)[	 ][	 ]*_\([_A-Za-z][_A-Za-z0-9]*\)$/\1 _\2 \2/p'\'' | sed '\''/ __gnu_lto/d'\'''
lt_cv_sys_global_symbol_to_c_name_address='sed -n -e '\''s/^: \([^ ]*\)[ ]*$/  {\"\1\", (void *) 0},/p'\'' -e '\''s/^[BCDEGRST]* \([^ ]*\) \([^ ]*\)$/  {"\2", (void *) \&\2},/p'\'''
lt_cv_sys_global_symbol_to_c_name_address_lib_prefix='sed -n -e '\''s/^: \([^ ]*\)[ ]*$/  {\"\1\", (void *) 0},/p'\'' -e '\''s/^[BCDEGRST]* \([^ ]*\) \(lib[^ ]*\)$/  {"\2", (void *) \&\2},/p'\'' -e '\''s/^[BCDEGRST]* \([^ ]*\) \([^ ]*\)$/  {"lib\2", (void *) \&\2},/p'\'''
lt_cv_sys_global_symbol_to_cdecl='sed -n -e '\''s/^T .* \(.*\)$/extern int \1();/p'\'' -e '\''s/^[BCDEGRST]* .* \(.*\)$/extern char \1;/p'\'''
lt_cv_sys_max_cmd_len=196608
lt_cv_to_host_file_cmd=func_convert_file_noop
lt_cv_to_tool_file_cmd=func_convert_file_noop

## ----------------- ##
## Output variables. ##
## ----------------- ##

ACLOCAL='${SHELL} /Users/jared/Source/libmx/libmx/missing aclocal-1.14'
AMDEPBACKSLASH='\'
AMDEP_FALSE='#'
AMDEP_TRUE=''
AMTAR='$${TAR-tar}'
AM_BACKSLASH='\'
AM_DEFAULT_V='$(AM_DEFAULT_VERBOSITY)'
AM_DEFAULT_VERBOSITY='1'
AM_V='$(V)'
AR='ar'
AUTOCONF='${SHELL} /Users/jared/Source/libmx/libmx/missing autoconf'
AUTOHEADER='${SHELL} /Users/jared/Source/libmx/libmx/missing autoheader'
AUTOMAKE='${SHELL} /Users/jared/Source/libmx/libmx/missing automake-1.14'
AWK='awk'
CC='gcc'
CCAS='gcc'
CCASDEPMODE='depmode=gcc3'
CCASFLAGS='-g -O2'
CCDEPMODE='depmode=gcc3'
CFLAGPREFIX=' -I/opt/local/include'
CFLAGS='-g -O2'
CPP='gcc -E'
CPPFLAGS=''
CXX='g++'
CXXCPP='g++ -E'
CXXDEPMODE='depmode=gcc3'
CXXFLAGS='-g -O2'
CYGPATH_W='echo'
DEFS='-DHAVE_CONFIG_H'
DEPDIR='.deps'
DLLTOOL='false'
DSYMUTIL='dsymutil'
DUMPBIN=''
ECHO_C='\c'
ECHO_N=''
ECHO_T=''
EGREP='/usr/bin/grep -E'
EXEEXT=''
FGREP='/usr/bin/grep -F'
GREP='/usr/bin/grep'
INSTALL_DATA='${INSTALL} -m 644'
INSTALL_PROGRAM='${INSTALL}'
INSTALL_SCRIPT='${INSTALL}'
INSTALL_STRIP_PROGRAM='$(install_sh) -c -s'
LD='/Applications/Xcode.app/Contents/Developer/Toolchains/XcodeDefault.xctoolchain/usr/bin/ld'
LDFLAGS=''
LDPREFIX=' -L/opt/local/lib'
LIBOBJS=''
LIBS=''
LIBSDL_CFLAGS='-I/opt/local/include -I/opt/local/include/SDL -D_GNU_SOURCE=1 -D_THREAD_SAFE'
LIBSDL_LIBS='-L/opt/local/lib -L/opt/local/lib /opt/local/lib/libSDLmain.a -Wl,-framework,AppKit /opt/local/lib/libSDL.a -L/opt/local/lib -lX11 -lXext -lXrandr -lXrender -Wl,-framework,OpenGL -Wl,-framework,Cocoa -Wl,-framework,ApplicationServices -Wl,-framework,Carbon -Wl,-framework,AudioToolbox -Wl,-framework,AudioUnit -Wl,-framework,IOKit'
LIBSDL_RPATH='-R/opt/local/lib -R/opt/local/lib -R/opt/local/lib'
LIBTOOL='$(SHELL) $(top_builddir)/libtool'
LIPO='lipo'
LN_S='ln -s'
LTLIBOBJS=''
MAKEINFO='${SHELL} /Users/jared/Source/libmx/libmx/missing makeinfo'
MANIFEST_TOOL=':'
MKDIR_P='./install-sh -c -d'
NM='/usr/bin/nm -B'
NMEDIT='nmedit'
OBJDUMP='false'
OBJEXT='o'
OTOOL64=':'
OTOOL='otool'
PACKAGE='libmx'
PACKAGE_BUGREPORT='jared@lostsidedead.biz'
PACKAGE_NAME='libmx'
PACKAGE_STRING='libmx 1.1'
PACKAGE_TARNAME='libmx'
PACKAGE_URL=''
PACKAGE_VERSION='1.1'
PATH_SEPARATOR=':'
PLATFORMZ=''
RANLIB='ranlib'
SED='/Volumes/LostSideDrive-2/Android/android-ndk-r10e/prebuilt/darwin-x86_64/bin/sed'
SET_MAKE=''
SHELL='/bin/sh'
STRIP='strip'
SUBDIRS_ENABLED='mx  mathtest mxmp socket_test mxwnd_test OpenGL_examples'
TTF_LINK=''
VERSION='1.1'
WINPLAT=''
ac_ct_AR='ar'
ac_ct_CC='gcc'
ac_ct_CXX='g++'
ac_ct_DUMPBIN=''
am__EXEEXT_FALSE=''
am__EXEEXT_TRUE='#'
am__fastdepCCAS_FALSE='#'
am__fastdepCCAS_TRUE=''
am__fastdepCC_FALSE='#'
am__fastdepCC_TRUE=''
am__fastdepCXX_FALSE='#'
am__fastdepCXX_TRUE=''
am__include='include'
am__isrc=''
am__leading_dot='.'
am__nodep='_no'
am__quote=''
am__tar='$${TAR-tar} chof - "$$tardir"'
am__untar='$${TAR-tar} xf -'
bindir='${exec_prefix}/bin'
build='x86_64-apple-darwin15.5.0'
build_alias=''
build_cpu='x86_64'
build_os='darwin15.5.0'
build_vendor='apple'
datadir='${datarootdir}'
datarootdir='${prefix}/share'
docdir='${datarootdir}/doc/${PACKAGE_TARNAME}'
dvidir='${docdir}'
exec_prefix='${prefix}'
fastDIR=''
fastSOURCE=''
host='x86_64-apple-darwin15.5.0'
host_alias=''
host_cpu='x86_64'
host_os='darwin15.5.0'
host_vendor='apple'
htmldir='${docdir}'
includedir='${prefix}/include'
infodir='${datarootdir}/info'
install_sh='${SHELL} /Users/jared/Source/libmx/libmx/install-sh'
libdir='${exec_prefix}/lib'
libexecdir='${exec_prefix}/libexec'
localedir='${datarootdir}/locale'
localstatedir='${prefix}/var'
mandir='${datarootdir}/man'
mkdir_p='$(MKDIR_P)'
oldincludedir='/usr/include'
pdfdir='${docdir}'
prefix='/opt/local'
program_transform_name='s,x,x,'
psdir='${docdir}'
sbindir='${exec_prefix}/sbin'
sharedstatedir='${prefix}/com'
stretchInclude=' -I/opt/local/include/SDL_stretch'
stretchLink='/opt/local/lib/libSDL_stretch.a'
sysconfdir='${prefix}/etc'
target_alias=''

## ----------- ##
## confdefs.h. ##
## ----------- ##

/* confdefs.h */
#define PACKAGE_NAME "libmx"
#define PACKAGE_TARNAME "libmx"
#define PACKAGE_VERSION "1.1"
#define PACKAGE_STRING "libmx 1.1"
#define PACKAGE_BUGREPORT "jared@lostsidedead.biz"
#define PACKAGE_URL ""
#define PACKAGE "libmx"
#define VERSION "1.1"
#define STDC_HEADERS 1
#define HAVE_SYS_TYPES_H 1
#define HAVE_SYS_STAT_H 1
#define HAVE_STDLIB_H 1
#define HAVE_STRING_H 1
#define HAVE_MEMORY_H 1
#define HAVE_STRINGS_H 1
#define HAVE_INTTYPES_H 1
#define HAVE_STDINT_H 1
#define HAVE_UNISTD_H 1
#define HAVE_DLFCN_H 1
#define LT_OBJDIR ".libs/"
#define HAVE_LIBSDL 1
#define TEXT_DISABLED 1
#define MX_TTF 0
#define HAVE_SDL_STRETCH 1

configure: exit 0

## ---------------------- ##
## Running config.status. ##
## ---------------------- ##

This file was extended by libmx config.status 1.1, which was
generated by GNU Autoconf 2.69.  Invocation command line was

  CONFIG_FILES    = 
  CONFIG_HEADERS  = 
  CONFIG_LINKS    = 
  CONFIG_COMMANDS = 
  $ ./config.status config.h

on LostSideDead

config.status:1171: creating config.h
config.status:1352: config.h is unchanged
